<?xml version="1.0" encoding="UTF-8"?>
<!-- Generated by org.testng.reporters.JUnitReportReporter -->
<testsuite hostname="DESKTOP-36K93ML" failures="0" tests="1" name="com.herokuapp.Dropdown" time="3.336" errors="0" timestamp="2023-07-10T19:33:26 GMT+02:00" skipped="0">
  <testcase classname="com.herokuapp.Dropdown" name="dropdownTest" time="3.336"/>
</testsuite> <!-- com.herokuapp.Dropdown -->
