<?xml version="1.0" encoding="UTF-8"?>
<!-- Generated by org.testng.reporters.JUnitReportReporter -->
<testsuite hostname="DESKTOP-36K93ML" failures="0" tests="1" name="com.herokuapp.Login" time="4.429" errors="0" timestamp="2023-07-10T19:33:26 GMT+02:00" skipped="0">
  <testcase classname="com.herokuapp.Login" name="loginTest" time="4.429"/>
</testsuite> <!-- com.herokuapp.Login -->
